d:\berk\projects\scatterx\scatterx\scatterx\x64\debug\vc143.pdb
d:\berk\projects\scatterx\scatterx\scatterx\x64\debug\vc143.idb
d:\berk\projects\scatterx\scatterx\scatterx\x64\debug\stb.obj
d:\berk\projects\scatterx\scatterx\scatterx\x64\debug\imgui_widgets.obj
d:\berk\projects\scatterx\scatterx\scatterx\x64\debug\imgui_tables.obj
d:\berk\projects\scatterx\scatterx\scatterx\x64\debug\imgui_impl_opengl3.obj
d:\berk\projects\scatterx\scatterx\scatterx\x64\debug\imgui_impl_glfw.obj
d:\berk\projects\scatterx\scatterx\scatterx\x64\debug\imgui_draw.obj
d:\berk\projects\scatterx\scatterx\scatterx\x64\debug\imgui_demo.obj
d:\berk\projects\scatterx\scatterx\scatterx\x64\debug\imgui.obj
d:\berk\projects\scatterx\scatterx\scatterx\x64\debug\shaderclass.obj
d:\berk\projects\scatterx\scatterx\scatterx\x64\debug\renderer.obj
d:\berk\projects\scatterx\scatterx\scatterx\x64\debug\mesh.obj
d:\berk\projects\scatterx\scatterx\scatterx\x64\debug\camera.obj
d:\berk\projects\scatterx\scatterx\scatterx\x64\debug\app.obj
d:\berk\projects\scatterx\scatterx\scatterx\x64\debug\glad.obj
d:\berk\projects\scatterx\scatterx\scatterx\x64\debug\main.cpp.obj
d:\berk\projects\scatterx\scatterx\x64\debug\scatterx.exe
d:\berk\projects\scatterx\scatterx\x64\debug\scatterx.pdb
d:\berk\projects\scatterx\scatterx\scatterx\x64\debug\scatterx.ilk
d:\berk\projects\scatterx\scatterx\scatterx\x64\debug\main.cpp.cache
d:\berk\projects\scatterx\scatterx\scatterx\x64\debug\scatterx.tlog\cl.command.1.tlog
d:\berk\projects\scatterx\scatterx\scatterx\x64\debug\scatterx.tlog\cl.items.tlog
d:\berk\projects\scatterx\scatterx\scatterx\x64\debug\scatterx.tlog\cl.read.1.tlog
d:\berk\projects\scatterx\scatterx\scatterx\x64\debug\scatterx.tlog\cl.write.1.tlog
d:\berk\projects\scatterx\scatterx\scatterx\x64\debug\scatterx.tlog\cudacompile.read.1u.tlog
d:\berk\projects\scatterx\scatterx\scatterx\x64\debug\scatterx.tlog\cudacompile.write.1u.tlog
d:\berk\projects\scatterx\scatterx\scatterx\x64\debug\scatterx.tlog\link.command.1.tlog
d:\berk\projects\scatterx\scatterx\scatterx\x64\debug\scatterx.tlog\link.read.1.tlog
d:\berk\projects\scatterx\scatterx\scatterx\x64\debug\scatterx.tlog\link.secondary.1.tlog
d:\berk\projects\scatterx\scatterx\scatterx\x64\debug\scatterx.tlog\link.write.1.tlog
